INFO 2025-11-20 12:10:27,159 apps 25688 537521767752 Billing app initialized successfully
INFO 2025-11-20 12:10:31,116 apps 25689 496586859848 Billing app initialized successfully
INFO 2025-11-20 12:26:36,902 apps 28296 518840853832 Billing app initialized successfully
INFO 2025-11-20 12:27:37,081 apps 28374 542269384008 Billing app initialized successfully
INFO 2025-11-20 12:31:36,846 apps 29003 512026842440 Billing app initialized successfully
INFO 2025-11-20 12:33:05,762 apps 29143 505290368328 Billing app initialized successfully
INFO 2025-11-20 12:33:18,521 apps 29163 529548633416 Billing app initialized successfully
INFO 2025-11-20 12:38:07,852 apps 30200 513860289864 Billing app initialized successfully
INFO 2025-11-20 12:38:20,700 apps 30216 548291560776 Billing app initialized successfully
INFO 2025-11-20 12:41:28,850 apps 30939 496108021064 Billing app initialized successfully
INFO 2025-11-20 12:41:41,041 apps 30957 521099724104 Billing app initialized successfully
INFO 2025-11-20 12:42:52,872 apps 31578 546201896264 Billing app initialized successfully
INFO 2025-11-20 12:44:07,615 apps 31661 486509233480 Billing app initialized successfully
INFO 2025-11-20 12:45:23,333 apps 31844 520050373960 Billing app initialized successfully
INFO 2025-11-20 12:45:30,506 apps 31850 548391638344 Billing app initialized successfully
INFO 2025-11-20 12:46:43,480 apps 32289 495883535688 Billing app initialized successfully
INFO 2025-11-20 12:46:49,972 apps 32298 543238927688 Billing app initialized successfully
INFO 2025-11-20 13:12:47,687 apps 5016 539452171592 Billing app initialized successfully
INFO 2025-11-20 13:12:59,260 apps 5037 488179414344 Billing app initialized successfully
INFO 2025-11-20 13:13:02,887 apps 5041 504965358920 Billing app initialized successfully
INFO 2025-11-20 13:28:30,088 apps 7136 484122289480 Billing app initialized successfully
INFO 2025-11-20 13:58:59,717 apps 11579 536182814024 Billing app initialized successfully
INFO 2025-11-20 14:01:11,683 apps 11916 500293506376 Billing app initialized successfully
INFO 2025-11-20 15:01:45,283 apps 19595 493322073416 Billing app initialized successfully
INFO 2025-11-20 15:02:12,712 apps 19643 501024228680 Billing app initialized successfully
INFO 2025-11-20 18:06:36,470 apps 12568 496236504392 Billing app initialized successfully
INFO 2025-11-20 18:06:40,606 apps 12675 522994230600 Billing app initialized successfully
INFO 2025-11-20 18:21:31,048 apps 14598 535715366216 Billing app initialized successfully
INFO 2025-11-20 18:21:34,851 apps 14605 501135893832 Billing app initialized successfully
INFO 2025-11-20 18:24:18,817 apps 15461 532670154056 Billing app initialized successfully
INFO 2025-11-20 18:26:35,322 apps 15703 539783804232 Billing app initialized successfully
INFO 2025-11-20 19:24:53,920 apps 19842 544433796424 Billing app initialized successfully
INFO 2025-11-20 19:24:57,526 apps 19848 481349453128 Billing app initialized successfully
INFO 2025-11-20 19:29:35,970 apps 21538 533199066440 Billing app initialized successfully
INFO 2025-11-20 20:03:51,957 apps 26411 531652732232 Billing app initialized successfully
INFO 2025-11-20 20:03:55,237 apps 26473 536559965512 Billing app initialized successfully
INFO 2025-11-20 21:16:40,748 apps 5155 506611443016 Billing app initialized successfully
INFO 2025-11-20 21:16:44,078 apps 5215 544699217224 Billing app initialized successfully
INFO 2025-11-20 21:26:39,123 apps 7597 523128292680 Billing app initialized successfully
INFO 2025-11-20 21:30:18,423 apps 8045 540159726920 Billing app initialized successfully
INFO 2025-11-20 21:30:39,663 apps 8073 516107175240 Billing app initialized successfully
INFO 2025-11-20 21:37:20,347 apps 9084 503031862600 Billing app initialized successfully
INFO 2025-11-20 21:38:38,838 apps 9228 484357784904 Billing app initialized successfully
INFO 2025-11-21 03:27:41,343 apps 23653 537014404424 Billing app initialized successfully
INFO 2025-11-21 03:27:44,893 apps 23710 524691227976 Billing app initialized successfully
INFO 2025-11-21 03:31:55,412 apps 24770 527354787144 Billing app initialized successfully
INFO 2025-11-21 03:33:34,028 apps 24934 508315891016 Billing app initialized successfully
INFO 2025-11-21 03:34:47,708 apps 25043 506390844744 Billing app initialized successfully
INFO 2025-11-21 03:35:16,577 apps 25086 518809478472 Billing app initialized successfully
INFO 2025-11-21 03:36:19,097 apps 25170 497271088456 Billing app initialized successfully
INFO 2025-11-21 03:36:54,336 apps 25256 547147683144 Billing app initialized successfully
INFO 2025-11-21 03:37:24,753 apps 25313 519017870664 Billing app initialized successfully
INFO 2025-11-21 03:37:45,638 apps 25340 520061039944 Billing app initialized successfully
INFO 2025-11-21 03:49:38,389 apps 27545 519557748040 Billing app initialized successfully
INFO 2025-11-21 03:54:10,014 apps 28254 522462401864 Billing app initialized successfully
INFO 2025-11-21 03:55:15,746 apps 28365 539198428488 Billing app initialized successfully
INFO 2025-11-21 03:55:30,727 apps 28401 489990731080 Billing app initialized successfully
INFO 2025-11-21 03:55:41,645 apps 28450 486259746120 Billing app initialized successfully
INFO 2025-11-21 03:55:44,978 apps 28542 519470237000 Billing app initialized successfully
INFO 2025-11-21 04:03:22,187 apps 29776 516502283592 Billing app initialized successfully
INFO 2025-11-21 04:03:25,737 apps 29778 510549345608 Billing app initialized successfully
INFO 2025-11-21 04:04:01,335 apps 29828 524893635912 Billing app initialized successfully
INFO 2025-11-21 04:14:02,279 apps 30912 490192020808 Billing app initialized successfully
INFO 2025-11-21 04:15:41,202 apps 31035 491712279880 Billing app initialized successfully
INFO 2025-11-21 04:17:15,615 apps 31194 535304803656 Billing app initialized successfully
INFO 2025-11-21 04:18:33,142 apps 31368 492513707336 Billing app initialized successfully
INFO 2025-11-21 04:21:57,745 apps 31881 483570619720 Billing app initialized successfully
INFO 2025-11-21 04:22:12,746 apps 31981 541306557768 Billing app initialized successfully
INFO 2025-11-21 04:22:40,924 apps 32006 480472573256 Billing app initialized successfully
INFO 2025-11-21 04:23:11,947 apps 32078 501720188232 Billing app initialized successfully
INFO 2025-11-21 04:23:47,108 apps 32319 495103833416 Billing app initialized successfully
INFO 2025-11-21 04:23:50,683 apps 32323 497868133704 Billing app initialized successfully
INFO 2025-11-21 04:24:09,504 apps 32347 507894166856 Billing app initialized successfully
INFO 2025-11-21 04:24:35,663 apps 32363 548046538056 Billing app initialized successfully
INFO 2025-11-21 04:24:39,200 apps 32372 541438018888 Billing app initialized successfully
INFO 2025-11-21 04:27:53,776 apps 650 517494830408 Billing app initialized successfully
INFO 2025-11-21 04:28:03,872 apps 664 521778206024 Billing app initialized successfully
INFO 2025-11-21 04:30:19,601 apps 1011 505651664200 Billing app initialized successfully
INFO 2025-11-21 04:31:16,752 apps 1217 482680706376 Billing app initialized successfully
INFO 2025-11-21 04:31:31,998 apps 1243 492765570376 Billing app initialized successfully
INFO 2025-11-21 04:32:13,427 apps 1276 495520916808 Billing app initialized successfully
INFO 2025-11-21 04:32:17,008 apps 1277 532785530184 Billing app initialized successfully
INFO 2025-11-21 09:42:16,427 apps 21822 488686343496 Billing app initialized successfully
INFO 2025-11-21 09:42:20,078 apps 21841 490283165000 Billing app initialized successfully
INFO 2025-11-21 11:05:50,262 apps 2547 541467628872 Billing app initialized successfully
INFO 2025-11-21 11:05:53,360 apps 2554 483305923912 Billing app initialized successfully
INFO 2025-11-21 11:17:38,344 apps 4977 518253208904 Billing app initialized successfully
INFO 2025-11-21 11:24:00,528 apps 6137 493077681480 Billing app initialized successfully
INFO 2025-11-21 11:25:08,210 apps 6224 508649702728 Billing app initialized successfully
INFO 2025-11-21 11:25:52,372 apps 6283 538615645512 Billing app initialized successfully
INFO 2025-11-21 11:27:54,785 apps 6451 496253826376 Billing app initialized successfully
INFO 2025-11-21 11:28:38,278 apps 7518 508414907720 Billing app initialized successfully
INFO 2025-11-21 11:29:01,070 apps 7578 517031101768 Billing app initialized successfully
INFO 2025-11-21 11:43:26,169 apps 11227 537545184584 Billing app initialized successfully
INFO 2025-11-21 15:50:58,199 apps 10755 506475943240 Billing app initialized successfully
INFO 2025-11-21 15:51:01,118 apps 10761 506836616520 Billing app initialized successfully
INFO 2025-11-21 18:03:44,066 apps 31992 532497876296 Billing app initialized successfully
INFO 2025-11-21 18:03:47,171 apps 32019 519450125640 Billing app initialized successfully
INFO 2025-11-21 18:26:37,463 apps 3846 522550048072 Billing app initialized successfully
INFO 2025-11-21 18:55:18,564 apps 7320 541410624840 Billing app initialized successfully
INFO 2025-11-21 18:55:22,235 apps 7370 538813945160 Billing app initialized successfully
INFO 2025-11-21 19:02:33,569 apps 8787 533562201416 Billing app initialized successfully
INFO 2025-11-21 19:02:48,036 apps 8809 538552284488 Billing app initialized successfully
INFO 2025-11-22 03:56:34,354 apps 32212 544491812168 Billing app initialized successfully
INFO 2025-11-22 03:56:38,090 apps 32367 515531228488 Billing app initialized successfully
INFO 2025-11-22 03:58:11,911 apps 922 528081200456 Billing app initialized successfully
INFO 2025-11-22 08:44:03,007 apps 31382 516419974472 Billing app initialized successfully
INFO 2025-11-22 08:44:21,011 apps 31412 530185389384 Billing app initialized successfully
INFO 2025-11-22 08:45:49,803 apps 31607 520679572808 Billing app initialized successfully
INFO 2025-11-22 08:46:00,659 apps 31622 505203828040 Billing app initialized successfully
INFO 2025-11-22 09:08:58,516 apps 4268 504527246664 Billing app initialized successfully
INFO 2025-11-22 09:09:04,842 apps 4273 483785655624 Billing app initialized successfully
INFO 2025-11-22 09:16:51,656 apps 6189 487687435592 Billing app initialized successfully
INFO 2025-11-22 09:17:35,880 apps 6559 511118083400 Billing app initialized successfully
INFO 2025-11-22 09:20:48,072 apps 6781 537307280712 Billing app initialized successfully
INFO 2025-11-22 09:20:54,853 apps 6792 546685998408 Billing app initialized successfully
INFO 2025-11-22 09:24:08,607 apps 7463 548517533000 Billing app initialized successfully
INFO 2025-11-22 09:26:38,011 apps 7746 507164951880 Billing app initialized successfully
INFO 2025-11-22 09:27:19,278 apps 7888 509169861960 Billing app initialized successfully
INFO 2025-11-22 09:28:22,480 apps 8040 491411219784 Billing app initialized successfully
INFO 2025-11-22 09:30:12,943 apps 8453 488396219720 Billing app initialized successfully
INFO 2025-11-22 09:34:50,643 apps 9422 506542536008 Billing app initialized successfully
INFO 2025-11-22 09:37:12,774 apps 9772 486082012488 Billing app initialized successfully
INFO 2025-11-22 10:16:56,963 apps 15279 542678193480 Billing app initialized successfully
INFO 2025-11-22 10:17:00,614 apps 15304 483778307400 Billing app initialized successfully
INFO 2025-11-22 13:52:15,838 apps 5165 528278873416 Billing app initialized successfully
INFO 2025-11-22 13:52:20,492 apps 5169 495559464264 Billing app initialized successfully
INFO 2025-11-22 13:54:47,888 apps 5362 483014747464 Billing app initialized successfully
INFO 2025-11-22 13:57:47,385 apps 5984 492182996296 Billing app initialized successfully
INFO 2025-11-22 20:27:41,072 apps 21750 530531575112 Billing app initialized successfully
INFO 2025-11-22 20:27:44,358 apps 21781 545670849864 Billing app initialized successfully
INFO 2025-11-22 20:33:50,686 apps 23471 525126755656 Billing app initialized successfully
INFO 2025-11-22 21:57:20,618 apps 704 493144208712 Billing app initialized successfully
INFO 2025-11-22 21:57:23,892 apps 707 540852237640 Billing app initialized successfully
INFO 2025-11-23 18:08:23,469 apps 14682 488688575816 Billing app initialized successfully
INFO 2025-11-23 18:15:53,072 apps 16004 526756189512 Billing app initialized successfully
INFO 2025-11-23 18:15:59,887 apps 16010 489650808136 Billing app initialized successfully
INFO 2025-11-23 19:12:23,632 apps 23393 499651794248 Billing app initialized successfully
INFO 2025-11-23 19:12:30,330 apps 23399 506955408712 Billing app initialized successfully
INFO 2025-11-23 19:12:37,095 apps 23403 517000435016 Billing app initialized successfully
INFO 2025-11-23 19:50:08,918 apps 28639 516973528392 Billing app initialized successfully
INFO 2025-11-23 19:50:13,805 apps 28646 512751457608 Billing app initialized successfully
INFO 2025-11-23 19:50:18,543 apps 28655 528567698760 Billing app initialized successfully
INFO 2025-11-23 19:51:16,435 apps 28781 538578175304 Billing app initialized successfully
INFO 2025-11-23 19:51:21,283 apps 28789 540346832200 Billing app initialized successfully
INFO 2025-11-23 19:51:25,989 apps 28791 541311976776 Billing app initialized successfully
INFO 2025-11-23 20:18:03,552 apps 32124 505491285320 Billing app initialized successfully
INFO 2025-11-23 20:18:08,205 apps 32128 489525347656 Billing app initialized successfully
INFO 2025-11-23 20:41:49,347 apps 4149 532046337352 Billing app initialized successfully
INFO 2025-11-23 20:41:55,059 apps 4153 504074548552 Billing app initialized successfully
INFO 2025-11-23 21:00:04,614 apps 6806 533866923336 Billing app initialized successfully
INFO 2025-11-23 21:00:12,357 apps 6811 489489995080 Billing app initialized successfully
INFO 2025-11-23 21:00:25,145 apps 6896 512196986184 Billing app initialized successfully
INFO 2025-11-23 21:01:03,731 apps 6985 511077127496 Billing app initialized successfully
INFO 2025-11-23 21:01:06,509 apps 7083 487675663688 Billing app initialized successfully
INFO 2025-11-23 21:35:19,820 apps 14613 495051982152 Billing app initialized successfully
INFO 2025-11-23 21:39:42,082 apps 15228 508737709384 Billing app initialized successfully
INFO 2025-11-23 21:51:27,476 apps 16791 487666898248 Billing app initialized successfully
INFO 2025-11-23 21:52:06,724 apps 16956 497118659912 Billing app initialized successfully
INFO 2025-11-23 22:19:14,362 apps 21358 523885659464 Billing app initialized successfully
INFO 2025-11-23 22:20:22,469 apps 21423 540368426312 Billing app initialized successfully
INFO 2025-11-23 22:24:47,143 apps 22329 515124274504 Billing app initialized successfully
INFO 2025-11-23 22:29:30,932 apps 22625 513662399816 Billing app initialized successfully
INFO 2025-11-23 22:31:31,864 apps 23111 536376968520 Billing app initialized successfully
INFO 2025-11-23 22:56:10,885 apps 26795 511089993032 Billing app initialized successfully
INFO 2025-11-23 22:56:14,487 apps 26799 513220945224 Billing app initialized successfully
INFO 2025-11-23 23:08:04,856 apps 28167 545523467592 Billing app initialized successfully
INFO 2025-11-23 23:30:38,435 apps 31495 537937732936 Billing app initialized successfully
INFO 2025-11-23 23:32:03,296 apps 31655 506780951880 Billing app initialized successfully
INFO 2025-11-23 23:41:31,114 apps 801 480584983880 Billing app initialized successfully
INFO 2025-11-23 23:41:34,562 apps 803 506548790600 Billing app initialized successfully
INFO 2025-11-23 23:42:54,948 apps 1337 541091910984 Billing app initialized successfully
INFO 2025-11-24 00:41:06,216 apps 10367 494581671240 Billing app initialized successfully
INFO 2025-11-24 00:41:10,254 apps 10476 492235580744 Billing app initialized successfully
INFO 2025-11-24 01:00:05,348 apps 13613 520091841864 Billing app initialized successfully
INFO 2025-11-24 01:10:59,852 apps 15431 526605989192 Billing app initialized successfully
INFO 2025-11-24 01:11:31,835 apps 15551 514029634888 Billing app initialized successfully
INFO 2025-11-24 01:11:51,170 apps 15576 484942468424 Billing app initialized successfully
INFO 2025-11-24 01:12:09,345 apps 15594 491032081736 Billing app initialized successfully
INFO 2025-11-24 01:12:49,482 apps 15639 507042735432 Billing app initialized successfully
INFO 2025-11-24 01:12:53,078 apps 15646 537768129864 Billing app initialized successfully
INFO 2025-11-24 01:20:49,536 apps 17109 491876291912 Billing app initialized successfully
INFO 2025-11-24 01:21:23,424 apps 17159 545950225736 Billing app initialized successfully
INFO 2025-11-24 01:21:53,242 apps 17482 527713736008 Billing app initialized successfully
INFO 2025-11-24 01:21:56,237 apps 17490 522410005832 Billing app initialized successfully
ERROR 2025-11-24 01:48:42,300 apps 21295 481860740424 Error initializing billing app: cannot import name 'Admission' from 'admissions.models' (/storage/emulated/0/public/config/admissions/models.py)
INFO 2025-11-24 02:06:52,887 apps 22964 497983235400 Billing app initialized successfully
INFO 2025-11-24 02:32:59,318 apps 25445 547773048136 Billing app initialized successfully
INFO 2025-11-24 02:44:08,604 apps 27277 511625282888 Billing app initialized successfully
INFO 2025-11-24 08:19:25,433 apps 14873 530439636296 Billing app initialized successfully
INFO 2025-11-24 08:19:29,024 apps 14879 486210729288 Billing app initialized successfully
INFO 2025-11-24 08:36:30,832 apps 20240 490306606408 Billing app initialized successfully
INFO 2025-11-24 09:11:54,413 apps 24769 506461332808 Billing app initialized successfully
INFO 2025-11-24 09:12:12,506 apps 24928 513753236808 Billing app initialized successfully
INFO 2025-11-24 13:05:18,935 apps 16841 543069070664 Billing app initialized successfully
INFO 2025-11-24 13:05:22,530 apps 17073 511326741832 Billing app initialized successfully
INFO 2025-11-24 16:40:18,509 apps 22743 482572870984 Billing app initialized successfully
INFO 2025-11-24 16:40:22,720 apps 22882 537624466760 Billing app initialized successfully
INFO 2025-11-24 16:42:42,505 apps 23921 542285088072 Billing app initialized successfully
INFO 2025-11-24 16:42:59,907 apps 23971 491429008712 Billing app initialized successfully
INFO 2025-11-25 01:49:10,471 apps 24273 536800466248 Billing app initialized successfully
INFO 2025-11-25 01:49:14,122 apps 24292 486473127240 Billing app initialized successfully
INFO 2025-11-25 02:17:50,850 apps 30225 521008887112 Billing app initialized successfully
INFO 2025-11-25 02:17:55,143 apps 30231 506367833416 Billing app initialized successfully
INFO 2025-11-25 02:27:12,569 apps 31743 518836241736 Billing app initialized successfully
INFO 2025-11-25 02:27:16,413 apps 31749 543440368968 Billing app initialized successfully
INFO 2025-11-25 02:29:44,662 apps 32094 528536221000 Billing app initialized successfully
INFO 2025-11-25 02:30:26,120 apps 32178 538105722184 Billing app initialized successfully
INFO 2025-11-25 07:10:51,692 apps 3235 491122013512 Billing app initialized successfully
INFO 2025-11-25 07:10:55,509 apps 3330 510585992520 Billing app initialized successfully
INFO 2025-11-25 07:31:37,742 apps 6183 546983294280 Billing app initialized successfully
INFO 2025-11-25 07:38:45,822 apps 7005 498760398152 Billing app initialized successfully
INFO 2025-11-25 07:42:02,019 apps 7283 519893382472 Billing app initialized successfully
INFO 2025-11-25 07:48:35,707 apps 7881 482190497096 Billing app initialized successfully
INFO 2025-11-25 07:48:39,323 apps 7882 500725323080 Billing app initialized successfully
INFO 2025-11-25 08:22:02,145 apps 11422 486428755272 Billing app initialized successfully
INFO 2025-11-25 08:22:05,692 apps 11426 541973939528 Billing app initialized successfully
INFO 2025-11-25 09:05:01,385 apps 19911 488744854856 Billing app initialized successfully
INFO 2025-11-25 09:05:05,205 apps 19912 541464769864 Billing app initialized successfully
INFO 2025-11-25 09:20:46,684 apps 21846 491037627720 Billing app initialized successfully
INFO 2025-11-25 09:20:49,956 apps 21848 511084381512 Billing app initialized successfully
INFO 2025-11-25 10:12:24,770 apps 16550 511267054920 Billing app initialized successfully
INFO 2025-11-25 10:12:28,002 apps 16557 528344606024 Billing app initialized successfully
INFO 2025-11-25 10:54:19,150 apps 26091 534620992840 Billing app initialized successfully
INFO 2025-11-25 10:54:22,836 apps 26110 485246981448 Billing app initialized successfully
INFO 2025-11-25 11:07:59,071 apps 28534 509491057992 Billing app initialized successfully
INFO 2025-11-25 11:08:02,605 apps 28535 493106746696 Billing app initialized successfully
INFO 2025-11-25 11:19:59,522 apps 30233 525893326152 Billing app initialized successfully
INFO 2025-11-25 11:20:03,185 apps 30235 517966988616 Billing app initialized successfully
INFO 2025-11-25 14:14:28,421 apps 20896 530752750920 Billing app initialized successfully
INFO 2025-11-25 14:14:31,380 apps 21113 483366040904 Billing app initialized successfully
INFO 2025-11-25 14:17:08,052 apps 22859 545240290632 Billing app initialized successfully
INFO 2025-11-25 14:21:00,769 apps 23440 486461142344 Billing app initialized successfully
INFO 2025-11-25 15:21:36,515 apps 32159 543939994952 Billing app initialized successfully
INFO 2025-11-25 15:21:39,643 apps 32160 515569448264 Billing app initialized successfully
INFO 2025-11-25 17:22:21,535 apps 13893 546357822792 Billing app initialized successfully
INFO 2025-11-25 17:22:25,419 apps 14146 488696657224 Billing app initialized successfully
INFO 2025-11-25 17:24:03,106 apps 14636 532347602248 Billing app initialized successfully
INFO 2025-11-25 17:29:32,845 apps 16067 494856213832 Billing app initialized successfully
INFO 2025-11-25 17:29:36,413 apps 16089 498886985032 Billing app initialized successfully
INFO 2025-11-25 17:40:29,778 apps 18138 511381046600 Billing app initialized successfully
INFO 2025-11-25 17:40:33,421 apps 18142 534148060488 Billing app initialized successfully
INFO 2025-11-25 17:42:07,683 apps 18705 509643117896 Billing app initialized successfully
INFO 2025-11-25 17:42:11,184 apps 18713 530202158408 Billing app initialized successfully
INFO 2025-11-25 18:53:33,108 apps 23758 528750437704 Billing app initialized successfully
INFO 2025-11-25 18:53:37,189 apps 23848 494984869192 Billing app initialized successfully
INFO 2025-11-26 00:57:41,966 apps 20653 522561893704 Billing app initialized successfully
INFO 2025-11-26 00:57:45,605 apps 20656 496052012360 Billing app initialized successfully
INFO 2025-11-26 01:02:21,918 views 20656 495946773744 Billing dashboard accessed for school Sunshine Academy
ERROR 2025-11-26 01:02:35,846 views 20656 495946773744 Fee structure list error for school 1: billing/fee_structure_list.html
INFO 2025-11-26 01:02:36,008 views 20656 495946773744 Billing dashboard accessed for school Sunshine Academy
ERROR 2025-11-26 01:02:38,115 views 20656 495946773744 Fee structure list error for school 1: billing/fee_structure_list.html
INFO 2025-11-26 01:02:38,273 views 20656 495946773744 Billing dashboard accessed for school Sunshine Academy
ERROR 2025-11-26 01:03:06,467 views 20656 495946773744 Invoice list error for school 1: billing/invoice_list.html
INFO 2025-11-26 01:03:06,674 views 20656 495946773744 Billing dashboard accessed for school Sunshine Academy
INFO 2025-11-26 01:24:22,116 apps 26852 545574548808 Billing app initialized successfully
INFO 2025-11-26 01:44:45,802 apps 29339 484365378888 Billing app initialized successfully
INFO 2025-11-26 01:47:04,878 apps 29780 529196922184 Billing app initialized successfully
INFO 2025-11-26 01:52:51,723 apps 31107 503320528200 Billing app initialized successfully
INFO 2025-11-26 06:59:15,475 apps 16234 516655895880 Billing app initialized successfully
INFO 2025-11-26 06:59:19,538 apps 16386 535932904776 Billing app initialized successfully
INFO 2025-11-26 07:08:41,982 apps 18124 534585111880 Billing app initialized successfully
INFO 2025-11-26 07:09:50,912 apps 18277 502534526280 Billing app initialized successfully
INFO 2025-11-26 07:10:21,675 apps 18359 539452798280 Billing app initialized successfully
INFO 2025-11-26 07:32:03,803 apps 20135 537444787528 Billing app initialized successfully
INFO 2025-11-26 07:33:49,144 apps 20332 520715646280 Billing app initialized successfully
INFO 2025-11-26 07:34:52,186 apps 20435 513761842504 Billing app initialized successfully
INFO 2025-11-26 07:35:22,696 apps 20484 507203958088 Billing app initialized successfully
INFO 2025-11-26 07:45:53,167 apps 21172 482824578376 Billing app initialized successfully
INFO 2025-11-26 07:50:43,985 apps 21653 494999110984 Billing app initialized successfully
INFO 2025-11-26 07:51:14,130 apps 21716 492337603912 Billing app initialized successfully
INFO 2025-11-26 07:51:16,365 apps 21718 488217945416 Billing app initialized successfully
INFO 2025-11-26 07:52:22,272 apps 21784 542073840968 Billing app initialized successfully
INFO 2025-11-26 07:52:49,617 apps 21815 503075423560 Billing app initialized successfully
INFO 2025-11-26 07:53:06,510 apps 21836 491271071048 Billing app initialized successfully
INFO 2025-11-26 07:53:10,143 apps 21845 535696549192 Billing app initialized successfully
INFO 2025-11-26 07:56:45,573 apps 22323 509728613704 Billing app initialized successfully
INFO 2025-11-26 07:58:03,893 apps 22439 537470747976 Billing app initialized successfully
INFO 2025-11-26 08:00:57,471 apps 22714 499803841864 Billing app initialized successfully
INFO 2025-11-26 12:45:16,348 apps 6385 524323390792 Billing app initialized successfully
INFO 2025-11-26 12:45:19,918 apps 6656 486183306568 Billing app initialized successfully
INFO 2025-11-26 13:54:22,720 apps 18011 498726085960 Billing app initialized successfully
INFO 2025-11-26 13:54:25,701 apps 18014 529363051848 Billing app initialized successfully
INFO 2025-11-26 16:48:52,452 apps 32307 482566403400 Billing app initialized successfully
INFO 2025-11-26 16:48:56,872 apps 32320 536505492808 Billing app initialized successfully
INFO 2025-11-26 17:37:17,191 apps 12371 528226538824 Billing app initialized successfully
INFO 2025-11-26 17:37:20,462 apps 12372 526318400840 Billing app initialized successfully
INFO 2025-11-26 17:42:16,665 apps 13588 510760977736 Billing app initialized successfully
INFO 2025-11-26 17:43:30,490 apps 13740 543814645064 Billing app initialized successfully
INFO 2025-11-26 17:46:46,854 apps 13954 480020960584 Billing app initialized successfully
INFO 2025-11-26 17:48:39,961 apps 14119 511155438920 Billing app initialized successfully
INFO 2025-11-27 00:26:26,175 apps 26990 488463619400 Billing app initialized successfully
INFO 2025-11-27 00:26:30,983 apps 27280 514084418888 Billing app initialized successfully
INFO 2025-11-27 00:29:44,027 apps 29579 520053605704 Billing app initialized successfully
INFO 2025-11-27 00:38:18,107 apps 30965 495179588936 Billing app initialized successfully
INFO 2025-11-27 00:47:15,226 apps 31973 538575488328 Billing app initialized successfully
INFO 2025-11-27 00:47:57,622 apps 32048 484609811784 Billing app initialized successfully
INFO 2025-11-27 00:48:27,441 apps 32186 544220497224 Billing app initialized successfully
INFO 2025-11-27 00:50:30,988 apps 352 539163149640 Billing app initialized successfully
INFO 2025-11-27 00:51:15,817 apps 845 491794376008 Billing app initialized successfully
INFO 2025-11-27 00:52:03,668 apps 1102 500018603336 Billing app initialized successfully
INFO 2025-11-27 01:00:38,418 apps 2164 547922613576 Billing app initialized successfully
INFO 2025-11-27 01:00:41,871 apps 2168 486087402824 Billing app initialized successfully
INFO 2025-11-27 01:06:50,357 apps 3276 508984964424 Billing app initialized successfully
INFO 2025-11-27 01:19:24,565 apps 5497 518670878024 Billing app initialized successfully
INFO 2025-11-27 01:44:56,147 apps 10010 486858896712 Billing app initialized successfully
INFO 2025-11-27 01:45:38,027 apps 10103 544985261384 Billing app initialized successfully
INFO 2025-11-27 01:48:45,312 apps 10515 493056750920 Billing app initialized successfully
INFO 2025-11-27 01:50:17,463 apps 11325 499173270856 Billing app initialized successfully
INFO 2025-11-27 06:46:51,251 apps 28575 494551823688 Billing app initialized successfully
INFO 2025-11-27 06:46:56,390 apps 28787 483007468872 Billing app initialized successfully
INFO 2025-11-27 08:08:23,564 apps 3919 500956312904 Billing app initialized successfully
INFO 2025-11-27 12:55:18,826 apps 21798 484214646088 Billing app initialized successfully
INFO 2025-11-27 12:55:22,575 apps 21803 507221906760 Billing app initialized successfully
INFO 2025-11-27 13:02:19,809 apps 23832 542111270216 Billing app initialized successfully
INFO 2025-11-27 13:18:33,092 apps 26231 548138890568 Billing app initialized successfully
INFO 2025-11-27 13:40:37,953 apps 30520 520463500616 Billing app initialized successfully
INFO 2025-11-27 13:41:23,680 apps 30618 498563728712 Billing app initialized successfully
INFO 2025-11-27 13:43:00,395 apps 30756 519951549768 Billing app initialized successfully
INFO 2025-11-27 13:43:18,755 apps 30798 504171296072 Billing app initialized successfully
INFO 2025-11-27 13:44:32,142 apps 30917 545734604104 Billing app initialized successfully
INFO 2025-11-27 13:45:45,111 apps 31297 526922323272 Billing app initialized successfully
INFO 2025-11-27 13:51:45,578 apps 32747 496524133704 Billing app initialized successfully
INFO 2025-11-27 13:53:10,810 apps 693 498892445000 Billing app initialized successfully
INFO 2025-11-27 13:53:46,791 apps 801 542979720520 Billing app initialized successfully
INFO 2025-11-27 13:54:07,200 apps 827 534165071176 Billing app initialized successfully
INFO 2025-11-27 13:54:25,591 apps 855 538813285704 Billing app initialized successfully
INFO 2025-11-27 13:54:49,822 apps 876 524721476936 Billing app initialized successfully
INFO 2025-11-27 13:55:36,778 apps 965 510220494152 Billing app initialized successfully
INFO 2025-11-27 13:55:39,844 apps 966 540061467976 Billing app initialized successfully
INFO 2025-11-28 00:57:28,699 apps 24202 514136626504 Billing app initialized successfully
INFO 2025-11-28 00:57:34,174 apps 24497 508547753288 Billing app initialized successfully
INFO 2025-11-28 01:15:08,446 apps 29446 514895320392 Billing app initialized successfully
INFO 2025-11-28 01:20:24,172 apps 30072 547458323784 Billing app initialized successfully
INFO 2025-11-28 01:22:11,120 apps 30295 484929615176 Billing app initialized successfully
INFO 2025-11-28 01:28:06,778 apps 31162 515423286600 Billing app initialized successfully
INFO 2025-11-28 01:28:17,298 apps 31179 533009859912 Billing app initialized successfully
INFO 2025-11-28 01:46:10,331 apps 1504 517545272648 Billing app initialized successfully
INFO 2025-11-28 01:46:52,132 apps 1572 490057594184 Billing app initialized successfully
INFO 2025-11-28 01:48:22,254 apps 1700 530673730888 Billing app initialized successfully
INFO 2025-11-28 01:58:44,053 apps 3298 539115984200 Billing app initialized successfully
INFO 2025-11-28 02:03:24,436 apps 3844 499790476616 Billing app initialized successfully
INFO 2025-11-28 02:11:34,614 apps 4707 527683978568 Billing app initialized successfully
INFO 2025-11-28 02:11:56,596 apps 4788 537651209544 Billing app initialized successfully
INFO 2025-11-28 02:12:27,828 apps 4850 488375539016 Billing app initialized successfully
INFO 2025-11-28 02:16:46,740 apps 5263 519046296904 Billing app initialized successfully
INFO 2025-11-28 02:17:11,507 apps 5303 522869572936 Billing app initialized successfully
INFO 2025-11-28 02:17:14,775 apps 5306 522965062984 Billing app initialized successfully
INFO 2025-11-28 02:18:47,873 apps 5385 496638301512 Billing app initialized successfully
INFO 2025-11-28 02:19:03,076 apps 5400 515589641544 Billing app initialized successfully
INFO 2025-11-28 02:19:06,353 apps 5469 503079081288 Billing app initialized successfully
INFO 2025-11-28 02:23:38,395 apps 6008 513189725512 Billing app initialized successfully
INFO 2025-11-28 02:27:48,504 apps 6963 538904597832 Billing app initialized successfully
INFO 2025-11-28 02:28:02,691 apps 7259 497445696840 Billing app initialized successfully
INFO 2025-11-28 02:28:06,366 apps 7317 516426093896 Billing app initialized successfully
INFO 2025-11-28 02:31:51,811 apps 8398 505689945416 Billing app initialized successfully
INFO 2025-11-28 02:35:27,728 apps 9066 520192091464 Billing app initialized successfully
INFO 2025-11-28 02:35:30,868 apps 9072 535428212040 Billing app initialized successfully
INFO 2025-11-28 02:48:12,137 apps 10863 482522232136 Billing app initialized successfully
ERROR 2025-11-28 02:48:14,209 signals 10863 482522232136 Error creating school fees invoice for Mason Smith: contains lookup is not supported on this database backend.
ERROR 2025-11-28 02:48:14,247 signals 10863 482522232136 Error creating school fees invoice for Emma Martinez: contains lookup is not supported on this database backend.
ERROR 2025-11-28 02:48:14,284 signals 10863 482522232136 Error creating school fees invoice for William Brown: contains lookup is not supported on this database backend.
ERROR 2025-11-28 02:48:14,323 signals 10863 482522232136 Error creating school fees invoice for William Garcia: contains lookup is not supported on this database backend.
ERROR 2025-11-28 02:48:14,360 signals 10863 482522232136 Error creating school fees invoice for Mason Miller: contains lookup is not supported on this database backend.
ERROR 2025-11-28 02:48:14,397 signals 10863 482522232136 Error creating school fees invoice for Olivia Johnson: contains lookup is not supported on this database backend.
ERROR 2025-11-28 02:48:14,435 signals 10863 482522232136 Error creating school fees invoice for Emma Williams: contains lookup is not supported on this database backend.
ERROR 2025-11-28 02:48:14,471 signals 10863 482522232136 Error creating school fees invoice for Noah Martinez: contains lookup is not supported on this database backend.
ERROR 2025-11-28 02:48:14,510 signals 10863 482522232136 Error creating school fees invoice for Mason Davis: contains lookup is not supported on this database backend.
ERROR 2025-11-28 02:48:14,546 signals 10863 482522232136 Error creating school fees invoice for James Williams: contains lookup is not supported on this database backend.
ERROR 2025-11-28 02:48:14,583 signals 10863 482522232136 Error creating school fees invoice for Emma Davis: contains lookup is not supported on this database backend.
ERROR 2025-11-28 02:48:14,626 signals 10863 482522232136 Error creating school fees invoice for Liam Rodriguez: contains lookup is not supported on this database backend.
ERROR 2025-11-28 02:48:14,663 signals 10863 482522232136 Error creating school fees invoice for William Jones: contains lookup is not supported on this database backend.
ERROR 2025-11-28 02:48:14,700 signals 10863 482522232136 Error creating school fees invoice for Noah Davis: contains lookup is not supported on this database backend.
ERROR 2025-11-28 02:48:14,736 signals 10863 482522232136 Error creating school fees invoice for Isabella Miller: contains lookup is not supported on this database backend.
ERROR 2025-11-28 02:48:14,775 signals 10863 482522232136 Error creating school fees invoice for Ava Rodriguez: contains lookup is not supported on this database backend.
ERROR 2025-11-28 02:48:14,811 signals 10863 482522232136 Error creating school fees invoice for Isabella Johnson: contains lookup is not supported on this database backend.
ERROR 2025-11-28 02:48:14,848 signals 10863 482522232136 Error creating school fees invoice for James Johnson: contains lookup is not supported on this database backend.
ERROR 2025-11-28 02:48:14,885 signals 10863 482522232136 Error creating school fees invoice for Ava Williams: contains lookup is not supported on this database backend.
ERROR 2025-11-28 02:48:14,923 signals 10863 482522232136 Error creating school fees invoice for Ava Garcia: contains lookup is not supported on this database backend.
ERROR 2025-11-28 02:48:14,960 signals 10863 482522232136 Error creating school fees invoice for Olivia Davis: contains lookup is not supported on this database backend.
ERROR 2025-11-28 02:48:15,000 signals 10863 482522232136 Error creating school fees invoice for James Brown: contains lookup is not supported on this database backend.
ERROR 2025-11-28 02:48:15,061 signals 10863 482522232136 Error creating school fees invoice for Mason Brown: contains lookup is not supported on this database backend.
ERROR 2025-11-28 02:48:15,099 signals 10863 482522232136 Error creating school fees invoice for Ava Brown: contains lookup is not supported on this database backend.
ERROR 2025-11-28 02:48:15,144 signals 10863 482522232136 Error creating school fees invoice for Sophia Rodriguez: contains lookup is not supported on this database backend.
ERROR 2025-11-28 02:48:15,189 signals 10863 482522232136 Error creating school fees invoice for William Smith: contains lookup is not supported on this database backend.
ERROR 2025-11-28 02:48:15,232 signals 10863 482522232136 Error creating school fees invoice for James Rodriguez: contains lookup is not supported on this database backend.
ERROR 2025-11-28 02:48:15,269 signals 10863 482522232136 Error creating school fees invoice for Mason Williams: contains lookup is not supported on this database backend.
ERROR 2025-11-28 02:48:15,306 signals 10863 482522232136 Error creating school fees invoice for William Davis: contains lookup is not supported on this database backend.
ERROR 2025-11-28 02:48:15,343 signals 10863 482522232136 Error creating school fees invoice for Liam Jones: contains lookup is not supported on this database backend.
ERROR 2025-11-28 02:48:15,387 signals 10863 482522232136 Error creating school fees invoice for James Martinez: contains lookup is not supported on this database backend.
ERROR 2025-11-28 02:48:15,428 signals 10863 482522232136 Error creating school fees invoice for Sophia Martinez: contains lookup is not supported on this database backend.
ERROR 2025-11-28 02:48:15,464 signals 10863 482522232136 Error creating school fees invoice for Olivia Brown: contains lookup is not supported on this database backend.
ERROR 2025-11-28 02:48:15,502 signals 10863 482522232136 Error creating school fees invoice for Noah Miller: contains lookup is not supported on this database backend.
ERROR 2025-11-28 02:48:15,542 signals 10863 482522232136 Error creating school fees invoice for Isabella Smith: contains lookup is not supported on this database backend.
ERROR 2025-11-28 02:48:15,591 signals 10863 482522232136 Error creating school fees invoice for Olivia Rodriguez: contains lookup is not supported on this database backend.
ERROR 2025-11-28 02:48:15,628 signals 10863 482522232136 Error creating school fees invoice for Olivia Garcia: contains lookup is not supported on this database backend.
ERROR 2025-11-28 02:48:15,674 signals 10863 482522232136 Error creating school fees invoice for William Johnson: contains lookup is not supported on this database backend.
INFO 2025-11-28 02:48:42,472 apps 10937 529344181576 Billing app initialized successfully
INFO 2025-11-28 02:48:45,588 apps 11002 485620159816 Billing app initialized successfully
INFO 2025-11-28 03:01:14,628 apps 12749 505469457736 Billing app initialized successfully
INFO 2025-11-28 03:11:12,340 apps 14808 544646903112 Billing app initialized successfully
INFO 2025-11-28 03:11:49,821 apps 14921 517213926728 Billing app initialized successfully
INFO 2025-11-28 03:12:14,987 apps 14982 545658352968 Billing app initialized successfully
INFO 2025-11-28 03:13:54,686 apps 15175 548030485832 Billing app initialized successfully
INFO 2025-11-28 03:14:41,565 apps 15425 506572678472 Billing app initialized successfully
INFO 2025-11-28 03:14:44,847 apps 15430 539954414920 Billing app initialized successfully
INFO 2025-11-28 14:54:30,114 apps 27758 498630468936 Billing app initialized successfully
INFO 2025-11-28 14:54:33,922 apps 27760 516723688776 Billing app initialized successfully
INFO 2025-11-29 07:35:52,974 apps 17404 513049994568 Billing app initialized successfully
INFO 2025-11-29 07:35:56,889 apps 17555 499231470920 Billing app initialized successfully
INFO 2025-11-29 08:13:05,871 apps 22511 516075242824 Billing app initialized successfully
INFO 2025-11-29 10:41:17,300 apps 10171 546546492744 Billing app initialized successfully
INFO 2025-11-29 10:53:13,980 apps 11306 530527847752 Billing app initialized successfully
INFO 2025-11-29 11:06:19,783 apps 14023 533634024776 Billing app initialized successfully
INFO 2025-11-29 11:06:36,379 apps 14181 499693270344 Billing app initialized successfully
INFO 2025-11-29 11:09:57,970 apps 14601 535003321672 Billing app initialized successfully
INFO 2025-11-29 11:10:01,360 apps 14642 503224452424 Billing app initialized successfully
INFO 2025-11-29 11:12:18,855 apps 15174 539838559560 Billing app initialized successfully
INFO 2025-11-29 11:13:31,053 apps 15496 480952251720 Billing app initialized successfully
INFO 2025-11-29 12:33:45,710 apps 27081 499558356296 Billing app initialized successfully
INFO 2025-11-29 12:33:55,199 apps 27103 481173050696 Billing app initialized successfully
INFO 2025-11-29 12:34:04,730 apps 27112 537001866568 Billing app initialized successfully
INFO 2025-11-29 12:35:04,484 apps 27225 545551000904 Billing app initialized successfully
INFO 2025-11-29 12:35:08,286 apps 27425 501057746248 Billing app initialized successfully
INFO 2025-11-29 12:39:08,896 apps 28229 515796309320 Billing app initialized successfully
INFO 2025-11-29 13:02:12,733 apps 32551 523230827848 Billing app initialized successfully
INFO 2025-11-29 13:17:53,221 views 32551 523120432368 Billing dashboard accessed for school Sunshine Academy
INFO 2025-11-29 14:01:27,683 apps 9312 536822089032 Billing app initialized successfully
INFO 2025-11-29 14:02:06,674 apps 9461 510547649864 Billing app initialized successfully
INFO 2025-11-29 14:04:09,770 apps 9623 530019444040 Billing app initialized successfully
INFO 2025-11-29 14:28:25,572 apps 12724 518408975688 Billing app initialized successfully
INFO 2025-11-29 14:53:25,241 apps 15741 520982164808 Billing app initialized successfully
INFO 2025-11-29 14:58:54,509 apps 16583 547191158088 Billing app initialized successfully
INFO 2025-11-29 15:09:47,073 apps 18047 488551064904 Billing app initialized successfully
INFO 2025-11-29 15:10:38,777 apps 18146 482879735112 Billing app initialized successfully
INFO 2025-11-29 15:14:27,089 apps 19022 520619328840 Billing app initialized successfully
INFO 2025-11-29 15:15:02,029 apps 19299 536047600968 Billing app initialized successfully
INFO 2025-11-29 15:15:32,593 apps 19523 501563782472 Billing app initialized successfully
INFO 2025-11-29 15:15:49,742 apps 19584 524324570440 Billing app initialized successfully
INFO 2025-11-29 15:17:31,390 apps 19962 485761033544 Billing app initialized successfully
INFO 2025-11-29 15:19:30,990 apps 20364 518588622152 Billing app initialized successfully
INFO 2025-11-29 15:20:24,092 apps 20441 520050845000 Billing app initialized successfully
INFO 2025-11-29 15:22:11,261 apps 21010 539167950152 Billing app initialized successfully
INFO 2025-11-29 18:10:14,021 apps 9924 512679421256 Billing app initialized successfully
INFO 2025-11-29 18:10:18,521 apps 10142 491322647880 Billing app initialized successfully
INFO 2025-11-29 18:32:19,110 apps 14820 514139129160 Billing app initialized successfully
INFO 2025-11-29 18:32:22,744 apps 14828 541464704328 Billing app initialized successfully
INFO 2025-11-29 20:29:32,591 apps 25694 491183203656 Billing app initialized successfully
INFO 2025-11-29 20:29:37,109 apps 25811 500192253256 Billing app initialized successfully
INFO 2025-11-30 01:54:09,902 apps 8110 490671785288 Billing app initialized successfully
INFO 2025-11-30 01:54:14,220 apps 8177 485521831240 Billing app initialized successfully
INFO 2025-11-30 08:07:39,634 apps 11810 522048525640 Billing app initialized successfully
INFO 2025-11-30 08:07:44,423 apps 11895 520582657352 Billing app initialized successfully
INFO 2025-11-30 08:16:19,436 apps 12946 531701486920 Billing app initialized successfully
INFO 2025-11-30 08:16:22,844 apps 12951 515825943880 Billing app initialized successfully
INFO 2025-11-30 09:37:25,728 apps 22327 532980831560 Billing app initialized successfully
INFO 2025-11-30 09:46:35,072 apps 23119 499997394248 Billing app initialized successfully
INFO 2025-11-30 09:48:50,671 apps 23509 543041701192 Billing app initialized successfully
INFO 2025-11-30 10:35:28,231 apps 29393 527788361032 Billing app initialized successfully
INFO 2025-11-30 10:35:31,746 apps 29397 516036060488 Billing app initialized successfully
INFO 2025-11-30 10:54:56,195 apps 32475 545856947528 Billing app initialized successfully
INFO 2025-11-30 10:54:59,715 apps 32480 482407814472 Billing app initialized successfully
INFO 2025-11-30 11:42:06,598 apps 10446 499000079688 Billing app initialized successfully
INFO 2025-11-30 11:42:33,495 apps 10483 506067690824 Billing app initialized successfully
INFO 2025-11-30 11:59:41,740 apps 12621 493584659784 Billing app initialized successfully
INFO 2025-11-30 12:02:37,883 apps 13174 512845907272 Billing app initialized successfully
INFO 2025-11-30 12:04:20,726 apps 13520 514356614472 Billing app initialized successfully
INFO 2025-11-30 12:04:58,301 apps 13576 544982533448 Billing app initialized successfully
INFO 2025-11-30 12:11:51,502 apps 14664 547015939400 Billing app initialized successfully
INFO 2025-11-30 12:11:54,885 apps 14668 522270332232 Billing app initialized successfully
INFO 2025-11-30 12:13:02,454 apps 14833 529751868744 Billing app initialized successfully
INFO 2025-11-30 12:14:38,484 apps 15067 506652480840 Billing app initialized successfully
INFO 2025-11-30 12:16:41,240 apps 15404 482792199496 Billing app initialized successfully
INFO 2025-11-30 12:17:46,639 apps 15506 534940267848 Billing app initialized successfully
INFO 2025-11-30 12:18:13,212 apps 15560 535821575496 Billing app initialized successfully
INFO 2025-11-30 12:21:25,634 apps 15851 516292277576 Billing app initialized successfully
INFO 2025-11-30 12:38:06,366 apps 17656 516207441224 Billing app initialized successfully
INFO 2025-11-30 12:38:55,684 apps 17775 529621140808 Billing app initialized successfully
INFO 2025-11-30 12:39:53,457 apps 17920 517153453384 Billing app initialized successfully
INFO 2025-11-30 12:40:38,620 apps 17994 528938550600 Billing app initialized successfully
INFO 2025-11-30 12:48:48,003 apps 19340 507278366024 Billing app initialized successfully
INFO 2025-11-30 12:50:04,343 apps 19456 481735558472 Billing app initialized successfully
INFO 2025-11-30 12:59:05,804 apps 20737 479928571208 Billing app initialized successfully
INFO 2025-11-30 13:02:24,363 apps 21238 516118291784 Billing app initialized successfully
INFO 2025-11-30 13:02:47,202 apps 21326 543242798408 Billing app initialized successfully
INFO 2025-11-30 13:02:50,838 apps 21339 546632893768 Billing app initialized successfully
INFO 2025-11-30 13:06:58,107 apps 21799 495329826120 Billing app initialized successfully
INFO 2025-11-30 13:07:01,790 apps 21819 545022842184 Billing app initialized successfully
INFO 2025-11-30 13:11:27,492 apps 22978 492655756616 Billing app initialized successfully
INFO 2025-11-30 13:11:31,321 apps 22984 499198084424 Billing app initialized successfully
INFO 2025-11-30 15:36:16,618 apps 10443 529931580744 Billing app initialized successfully
INFO 2025-11-30 15:36:20,251 apps 10449 505645102408 Billing app initialized successfully
INFO 2025-11-30 15:37:44,975 apps 10567 480591684936 Billing app initialized successfully
INFO 2025-11-30 15:38:55,293 apps 10791 485257491784 Billing app initialized successfully
INFO 2025-11-30 15:52:15,019 apps 12874 540912624968 Billing app initialized successfully
INFO 2025-11-30 15:53:44,405 apps 12990 545922016584 Billing app initialized successfully
INFO 2025-11-30 15:54:15,220 apps 13046 542466540872 Billing app initialized successfully
INFO 2025-11-30 16:08:59,769 apps 14682 538480313672 Billing app initialized successfully
INFO 2025-11-30 16:09:02,831 apps 14689 509214135624 Billing app initialized successfully
INFO 2025-11-30 16:12:06,615 apps 15003 540298040648 Billing app initialized successfully
INFO 2025-11-30 16:13:40,865 apps 15129 528312923464 Billing app initialized successfully
INFO 2025-11-30 16:45:29,610 apps 20441 497430299976 Billing app initialized successfully
INFO 2025-11-30 16:46:30,209 apps 20528 547389080904 Billing app initialized successfully
INFO 2025-11-30 16:46:50,193 apps 20575 489964238152 Billing app initialized successfully
INFO 2025-11-30 17:24:48,837 apps 25181 540803290440 Billing app initialized successfully
INFO 2025-11-30 17:28:57,561 apps 25823 510132696392 Billing app initialized successfully
INFO 2025-11-30 17:29:01,289 apps 25829 490073130312 Billing app initialized successfully
INFO 2025-11-30 17:30:48,178 apps 26045 522757416264 Billing app initialized successfully
INFO 2025-11-30 17:31:08,994 apps 26073 540907132232 Billing app initialized successfully
INFO 2025-11-30 17:36:14,081 apps 27019 482704426312 Billing app initialized successfully
INFO 2025-11-30 17:37:42,035 apps 27132 513121199432 Billing app initialized successfully
INFO 2025-11-30 17:37:57,046 apps 27155 486014276936 Billing app initialized successfully
INFO 2025-11-30 17:55:39,530 apps 28486 545451218248 Billing app initialized successfully
INFO 2025-11-30 17:56:00,463 apps 28507 546410939720 Billing app initialized successfully
INFO 2025-11-30 17:56:19,170 apps 28522 495886665032 Billing app initialized successfully
INFO 2025-11-30 17:56:36,301 apps 28557 534496662856 Billing app initialized successfully
INFO 2025-11-30 17:56:51,375 apps 28575 501828584776 Billing app initialized successfully
INFO 2025-11-30 17:56:55,028 apps 28580 526166607176 Billing app initialized successfully
INFO 2025-11-30 17:59:57,732 apps 29016 481807189320 Billing app initialized successfully
INFO 2025-11-30 18:15:51,840 apps 31430 524997395784 Billing app initialized successfully
INFO 2025-11-30 18:15:55,158 apps 31442 500433605960 Billing app initialized successfully
INFO 2025-11-30 19:21:31,440 apps 8874 496599983432 Billing app initialized successfully
INFO 2025-11-30 19:38:36,227 apps 11346 490806986056 Billing app initialized successfully
INFO 2025-11-30 19:41:08,484 apps 11734 512187508040 Billing app initialized successfully
INFO 2025-11-30 19:47:15,594 apps 12904 524586808648 Billing app initialized successfully
INFO 2025-11-30 19:48:58,974 apps 13741 544576628040 Billing app initialized successfully
INFO 2025-11-30 19:51:17,659 apps 14178 520188499272 Billing app initialized successfully
INFO 2025-11-30 20:11:15,339 apps 16717 494923236680 Billing app initialized successfully
INFO 2025-11-30 20:11:44,332 apps 16771 486055163208 Billing app initialized successfully
INFO 2025-11-30 20:13:26,344 apps 16971 502359213384 Billing app initialized successfully
INFO 2025-11-30 20:14:27,116 apps 17228 528965449032 Billing app initialized successfully
INFO 2025-11-30 20:15:58,388 apps 17591 499146384712 Billing app initialized successfully
INFO 2025-11-30 20:19:09,871 apps 17911 532350551368 Billing app initialized successfully
INFO 2025-11-30 20:20:40,566 apps 18235 516466767176 Billing app initialized successfully
INFO 2025-11-30 20:21:28,540 apps 18332 533814863176 Billing app initialized successfully
INFO 2025-11-30 20:22:13,179 apps 18616 522233062728 Billing app initialized successfully
INFO 2025-11-30 20:43:34,620 apps 21233 531784844616 Billing app initialized successfully
INFO 2025-12-01 01:24:10,730 apps 9876 526153741640 Billing app initialized successfully
INFO 2025-12-01 01:24:14,313 apps 9882 507285161288 Billing app initialized successfully
INFO 2025-12-01 01:54:20,518 apps 14163 542726497608 Billing app initialized successfully
INFO 2025-12-01 01:54:32,517 apps 14180 530310948168 Billing app initialized successfully
INFO 2025-12-01 01:55:07,207 apps 14232 538320893256 Billing app initialized successfully
INFO 2025-12-01 07:28:20,760 apps 8510 519598175560 Billing app initialized successfully
INFO 2025-12-01 07:28:26,514 apps 8520 516397155656 Billing app initialized successfully
INFO 2025-12-01 16:41:51,286 apps 13467 486817113416 Billing app initialized successfully
INFO 2025-12-01 16:41:55,327 apps 13537 495545685320 Billing app initialized successfully
INFO 2025-12-01 16:43:35,032 apps 14505 514523886920 Billing app initialized successfully
INFO 2025-12-01 16:44:25,418 apps 14758 520913392968 Billing app initialized successfully
INFO 2025-12-01 16:56:07,151 apps 16780 531982673224 Billing app initialized successfully
INFO 2025-12-01 21:08:57,928 apps 8958 514310464840 Billing app initialized successfully
INFO 2025-12-01 21:09:01,177 apps 9148 505389757768 Billing app initialized successfully
INFO 2025-12-01 22:12:49,145 apps 17312 495133562184 Billing app initialized successfully
INFO 2025-12-01 22:12:52,116 apps 17410 506468193608 Billing app initialized successfully
INFO 2025-12-02 02:44:26,952 apps 29184 524332160328 Billing app initialized successfully
INFO 2025-12-02 02:44:30,224 apps 29188 502344643912 Billing app initialized successfully
INFO 2025-12-02 06:28:48,392 apps 10449 517188175176 Billing app initialized successfully
INFO 2025-12-02 06:28:51,841 apps 10457 503990269256 Billing app initialized successfully
INFO 2025-12-02 06:56:04,475 apps 14574 537964664136 Billing app initialized successfully
INFO 2025-12-02 07:09:17,537 apps 16696 501801801032 Billing app initialized successfully
INFO 2025-12-02 07:18:11,024 apps 18710 518742897992 Billing app initialized successfully
INFO 2025-12-02 07:18:14,764 apps 18838 515182376264 Billing app initialized successfully
INFO 2025-12-02 07:31:33,282 apps 20179 530380023112 Billing app initialized successfully
INFO 2025-12-02 07:31:36,918 apps 20180 508039689544 Billing app initialized successfully
INFO 2025-12-02 07:37:35,130 apps 20915 508954785096 Billing app initialized successfully
INFO 2025-12-02 07:37:38,280 apps 20919 544667985224 Billing app initialized successfully
INFO 2025-12-02 08:07:13,061 apps 25650 485283149128 Billing app initialized successfully
INFO 2025-12-02 08:07:57,048 apps 25805 540232516936 Billing app initialized successfully
INFO 2025-12-02 08:20:07,662 apps 26990 484734920008 Billing app initialized successfully
INFO 2025-12-02 08:20:11,130 apps 26991 494604969288 Billing app initialized successfully
INFO 2025-12-02 08:37:01,278 apps 31138 522089841992 Billing app initialized successfully
INFO 2025-12-02 08:42:39,093 apps 31671 512559973704 Billing app initialized successfully
INFO 2025-12-02 09:00:39,710 apps 726 503185241416 Billing app initialized successfully
INFO 2025-12-02 09:01:49,136 apps 830 521025815880 Billing app initialized successfully
INFO 2025-12-02 09:02:51,510 apps 935 483059238216 Billing app initialized successfully
INFO 2025-12-02 09:26:55,451 apps 3780 524979008840 Billing app initialized successfully
INFO 2025-12-02 09:28:39,254 apps 4090 498300405064 Billing app initialized successfully
INFO 2025-12-02 09:29:07,365 apps 4141 511775647048 Billing app initialized successfully
INFO 2025-12-02 09:34:53,332 apps 6224 515462133064 Billing app initialized successfully
INFO 2025-12-02 09:34:56,574 apps 6232 505631819080 Billing app initialized successfully
INFO 2025-12-02 09:58:57,529 apps 11106 492440274248 Billing app initialized successfully
INFO 2025-12-02 10:00:10,546 apps 11223 480678901064 Billing app initialized successfully
INFO 2025-12-02 10:00:54,198 apps 11314 545573090632 Billing app initialized successfully
INFO 2025-12-02 10:07:19,641 apps 11885 481451771208 Billing app initialized successfully
INFO 2025-12-02 10:12:23,255 apps 12372 526347048264 Billing app initialized successfully
INFO 2025-12-02 12:04:38,625 apps 28871 507884676424 Billing app initialized successfully
INFO 2025-12-02 12:05:41,622 apps 28992 486773400904 Billing app initialized successfully
INFO 2025-12-02 12:05:57,737 apps 29042 518384710984 Billing app initialized successfully
INFO 2025-12-02 12:06:20,542 apps 29082 531436000584 Billing app initialized successfully
INFO 2025-12-02 12:06:24,203 apps 29105 537282569544 Billing app initialized successfully
INFO 2025-12-02 12:25:24,390 apps 30814 538859734344 Billing app initialized successfully
INFO 2025-12-02 12:31:33,604 apps 31858 481547457864 Billing app initialized successfully
INFO 2025-12-02 12:33:10,369 apps 32062 506348418376 Billing app initialized successfully
INFO 2025-12-02 12:33:24,580 apps 32152 515769210184 Billing app initialized successfully
INFO 2025-12-02 12:33:36,065 apps 32179 534028535112 Billing app initialized successfully
INFO 2025-12-02 12:39:32,195 apps 1877 544208794952 Billing app initialized successfully
INFO 2025-12-02 12:39:35,839 apps 1945 536876401992 Billing app initialized successfully
INFO 2025-12-02 13:46:26,925 apps 11120 528063427912 Billing app initialized successfully
INFO 2025-12-02 13:46:30,206 apps 11133 546028696904 Billing app initialized successfully
INFO 2025-12-03 03:49:46,702 apps 26323 510730380616 Billing app initialized successfully
INFO 2025-12-03 03:49:50,078 apps 26336 529691055432 Billing app initialized successfully
INFO 2025-12-03 03:59:14,749 apps 29277 508670543176 Billing app initialized successfully
INFO 2025-12-03 04:00:54,572 apps 29641 510866736456 Billing app initialized successfully
INFO 2025-12-03 04:00:57,936 apps 29647 541910115656 Billing app initialized successfully
INFO 2025-12-03 04:02:59,833 apps 30304 490741949768 Billing app initialized successfully
INFO 2025-12-03 04:11:50,896 apps 31787 508767614280 Billing app initialized successfully
INFO 2025-12-03 04:12:35,451 apps 32041 527187014984 Billing app initialized successfully
INFO 2025-12-03 04:13:10,764 apps 32097 545362093384 Billing app initialized successfully
INFO 2025-12-03 04:13:23,905 apps 32217 486749201736 Billing app initialized successfully
INFO 2025-12-03 04:13:54,122 apps 32347 503612482888 Billing app initialized successfully
INFO 2025-12-03 04:14:29,184 apps 32400 522894890312 Billing app initialized successfully
INFO 2025-12-03 04:16:50,258 apps 1201 498651747656 Billing app initialized successfully
INFO 2025-12-03 04:17:18,354 apps 1263 489872885064 Billing app initialized successfully
INFO 2025-12-03 04:18:02,767 apps 1513 483366290760 Billing app initialized successfully
INFO 2025-12-03 04:19:33,612 apps 1692 513142936904 Billing app initialized successfully
INFO 2025-12-03 04:19:51,842 apps 1746 523650184520 Billing app initialized successfully
INFO 2025-12-03 04:20:39,249 apps 1863 530977961288 Billing app initialized successfully
INFO 2025-12-03 04:23:30,031 apps 3230 505283552584 Billing app initialized successfully
INFO 2025-12-03 04:26:17,310 apps 3642 538489414984 Billing app initialized successfully
INFO 2025-12-03 07:41:15,264 apps 27520 533674849608 Billing app initialized successfully
INFO 2025-12-03 07:41:19,136 apps 27536 480874820936 Billing app initialized successfully
INFO 2025-12-03 08:10:19,193 apps 30470 511104734536 Billing app initialized successfully
INFO 2025-12-03 08:11:10,155 apps 30553 502279857480 Billing app initialized successfully
INFO 2025-12-03 08:22:59,138 apps 31880 494333916488 Billing app initialized successfully
INFO 2025-12-03 08:47:26,762 apps 1488 511924917576 Billing app initialized successfully
